nohup: ignoring input

  .   ____          _            __ _ _
 /\\ / ___'_ __ _ _(_)_ __  __ _ \ \ \ \
( ( )\___ | '_ | '_| | '_ \/ _` | \ \ \ \
 \\/  ___)| |_)| | | | | || (_| |  ) ) ) )
  '  |____| .__|_| |_|_| |_\__, | / / / /
 =========|_|==============|___/=/_/_/_/
 :: Spring Boot ::                (v3.2.5)

2026-07-10T09:39:58.820Z  INFO 4953 --- [ott-platform] [           main] c.training.ott.OttPlatformApplication    : Starting OttPlatformApplication v1.0.0 using Java 17.0.19 with PID 4953 (/root/OTT/ott-platform/target/ott-platform.jar started by root in /root/OTT/ott-platform)
2026-07-10T09:39:58.826Z  INFO 4953 --- [ott-platform] [           main] c.training.ott.OttPlatformApplication    : The following 1 profile is active: "local"
2026-07-10T09:40:00.742Z  INFO 4953 --- [ott-platform] [           main] .s.d.r.c.RepositoryConfigurationDelegate : Bootstrapping Spring Data JPA repositories in DEFAULT mode.
2026-07-10T09:40:00.833Z  INFO 4953 --- [ott-platform] [           main] .s.d.r.c.RepositoryConfigurationDelegate : Finished Spring Data repository scanning in 76 ms. Found 3 JPA repository interfaces.
2026-07-10T09:40:02.114Z  INFO 4953 --- [ott-platform] [           main] o.s.b.w.embedded.tomcat.TomcatWebServer  : Tomcat initialized with port 8080 (http)
2026-07-10T09:40:02.128Z  INFO 4953 --- [ott-platform] [           main] o.apache.catalina.core.StandardService   : Starting service [Tomcat]
2026-07-10T09:40:02.128Z  INFO 4953 --- [ott-platform] [           main] o.apache.catalina.core.StandardEngine    : Starting Servlet engine: [Apache Tomcat/10.1.20]
2026-07-10T09:40:02.191Z  INFO 4953 --- [ott-platform] [           main] o.a.c.c.C.[Tomcat].[localhost].[/]       : Initializing Spring embedded WebApplicationContext
2026-07-10T09:40:02.193Z  INFO 4953 --- [ott-platform] [           main] w.s.c.ServletWebServerApplicationContext : Root WebApplicationContext: initialization completed in 3206 ms
2026-07-10T09:40:02.416Z  INFO 4953 --- [ott-platform] [           main] com.zaxxer.hikari.HikariDataSource       : HikariPool-1 - Starting...
2026-07-10T09:40:02.765Z  INFO 4953 --- [ott-platform] [           main] com.zaxxer.hikari.pool.HikariPool        : HikariPool-1 - Added connection conn0: url=jdbc:h2:mem:ottdb user=SA
2026-07-10T09:40:02.767Z  INFO 4953 --- [ott-platform] [           main] com.zaxxer.hikari.HikariDataSource       : HikariPool-1 - Start completed.
2026-07-10T09:40:02.781Z  INFO 4953 --- [ott-platform] [           main] o.s.b.a.h2.H2ConsoleAutoConfiguration    : H2 console available at '/h2-console'. Database available at 'jdbc:h2:mem:ottdb'
2026-07-10T09:40:03.144Z  INFO 4953 --- [ott-platform] [           main] o.hibernate.jpa.internal.util.LogHelper  : HHH000204: Processing PersistenceUnitInfo [name: default]
2026-07-10T09:40:03.250Z  INFO 4953 --- [ott-platform] [           main] org.hibernate.Version                    : HHH000412: Hibernate ORM core version 6.4.4.Final
2026-07-10T09:40:03.312Z  INFO 4953 --- [ott-platform] [           main] o.h.c.internal.RegionFactoryInitiator    : HHH000026: Second-level cache disabled
2026-07-10T09:40:03.674Z  INFO 4953 --- [ott-platform] [           main] o.s.o.j.p.SpringPersistenceUnitInfo      : No LoadTimeWeaver setup: ignoring JPA class transformer
2026-07-10T09:40:05.151Z  INFO 4953 --- [ott-platform] [           main] o.h.e.t.j.p.i.JtaPlatformInitiator       : HHH000489: No JTA platform available (set 'hibernate.transaction.jta.platform' to enable JTA platform integration)
Hibernate: 
    drop table if exists movies cascade 
Hibernate: 
    drop table if exists subscriptions cascade 
Hibernate: 
    drop table if exists users cascade 
Hibernate: 
    create table movies (
        id bigint generated by default as identity,
        genre varchar(255),
        required_plan varchar(255) check (required_plan in ('FREE','BASIC','PREMIUM')),
        title varchar(255),
        primary key (id)
    )
Hibernate: 
    create table subscriptions (
        end_date date,
        start_date date,
        id bigint generated by default as identity,
        user_id bigint,
        plan varchar(255) check (plan in ('FREE','BASIC','PREMIUM')),
        primary key (id)
    )
Hibernate: 
    create table users (
        id bigint generated by default as identity,
        email varchar(255) unique,
        name varchar(255),
        plan varchar(255) check (plan in ('FREE','BASIC','PREMIUM')),
        primary key (id)
    )
Hibernate: 
    alter table if exists subscriptions 
       add constraint FKhro52ohfqfbay9774bev0qinr 
       foreign key (user_id) 
       references users
2026-07-10T09:40:05.221Z  INFO 4953 --- [ott-platform] [           main] j.LocalContainerEntityManagerFactoryBean : Initialized JPA EntityManagerFactory for persistence unit 'default'
2026-07-10T09:40:05.925Z  WARN 4953 --- [ott-platform] [           main] JpaBaseConfiguration$JpaWebConfiguration : spring.jpa.open-in-view is enabled by default. Therefore, database queries may be performed during view rendering. Explicitly configure spring.jpa.open-in-view to disable this warning
2026-07-10T09:40:07.247Z  INFO 4953 --- [ott-platform] [           main] o.s.b.a.e.web.EndpointLinksResolver      : Exposing 13 endpoint(s) beneath base path '/actuator'
2026-07-10T09:40:07.434Z  INFO 4953 --- [ott-platform] [           main] o.s.b.w.embedded.tomcat.TomcatWebServer  : Tomcat started on port 8080 (http) with context path ''
2026-07-10T09:40:07.464Z  INFO 4953 --- [ott-platform] [           main] c.training.ott.OttPlatformApplication    : Started OttPlatformApplication in 9.331 seconds (process running for 10.002)
Hibernate: 
    select
        count(*) 
    from
        users u1_0
Hibernate: 
    insert 
    into
        users
        (email, name, plan, id) 
    values
        (?, ?, ?, default)
Hibernate: 
    insert 
    into
        users
        (email, name, plan, id) 
    values
        (?, ?, ?, default)
Hibernate: 
    select
        count(*) 
    from
        movies m1_0
Hibernate: 
    insert 
    into
        movies
        (genre, required_plan, title, id) 
    values
        (?, ?, ?, default)
Hibernate: 
    insert 
    into
        movies
        (genre, required_plan, title, id) 
    values
        (?, ?, ?, default)
Hibernate: 
    insert 
    into
        movies
        (genre, required_plan, title, id) 
    values
        (?, ?, ?, default)
Sample OTT data loaded...
